D, [2014-11-11T21:55:45.890000 #10409] DEBUG -- :   [1m[36m (5.0ms)[0m  [1mSELECT name FROM sqlite_master WHERE type = 'table' AND name = "schema_migrations"[0m
D, [2014-11-11T21:55:46.018000 #10409] DEBUG -- :   [1m[35m (103.0ms)[0m  CREATE TABLE "schema_migrations" ("version" varchar(255) NOT NULL) 
D, [2014-11-11T21:55:46.114000 #10409] DEBUG -- :   [1m[36m (93.0ms)[0m  [1mCREATE UNIQUE INDEX "unique_schema_migrations" ON "schema_migrations" ("version")[0m
D, [2014-11-11T21:55:46.117000 #10409] DEBUG -- :   [1m[35m (0.0ms)[0m  SELECT name FROM sqlite_master WHERE type = 'table' AND name = "schema_migrations"
D, [2014-11-11T21:55:46.122000 #10409] DEBUG -- :   [1m[36mActiveRecord::SchemaMigration Load (2.0ms)[0m  [1mSELECT "schema_migrations".* FROM "schema_migrations"[0m
I, [2014-11-11T21:55:46.127000 #10409]  INFO -- : Migrating to CreateCargos (1)
D, [2014-11-11T21:55:46.141000 #10409] DEBUG -- :   [1m[35m (1.0ms)[0m  CREATE TABLE "cargos" ("id" integer PRIMARY KEY AUTOINCREMENT NOT NULL, "nome" varchar(255), "digitos" integer) 
D, [2014-11-11T21:55:46.171000 #10409] DEBUG -- :   [1m[36mSQL (0.0ms)[0m  [1mINSERT INTO "schema_migrations" ("version") VALUES ('1')[0m
D, [2014-11-11T22:44:50.986000 #12018] DEBUG -- :   [1m[36mCargo Load (7.0ms)[0m  [1mSELECT "cargos".* FROM "cargos"[0m
D, [2014-11-11T22:44:51.002000 #12018] DEBUG -- :   [1m[35m (0.0ms)[0m  SELECT name FROM sqlite_master WHERE type = 'table' AND name = "cargos"
D, [2014-11-11T22:49:06.177000 #12163] DEBUG -- :   [1m[36mCargo Load (9.0ms)[0m  [1mSELECT "cargos".* FROM "cargos"[0m
D, [2014-11-11T22:49:06.194000 #12163] DEBUG -- :   [1m[35m (0.0ms)[0m  SELECT name FROM sqlite_master WHERE type = 'table' AND name = "cargos"
D, [2014-11-11T22:49:45.932000 #12248] DEBUG -- :   [1m[36mCargo Load (8.0ms)[0m  [1mSELECT "cargos".* FROM "cargos"[0m
D, [2014-11-11T22:49:45.950000 #12248] DEBUG -- :   [1m[35m (1.0ms)[0m  SELECT name FROM sqlite_master WHERE type = 'table' AND name = "cargos"
D, [2014-11-11T22:50:41.296000 #12354] DEBUG -- :   [1m[36m (10.0ms)[0m  [1mSELECT name FROM sqlite_master WHERE type = 'table' AND name = "cargos"[0m
D, [2014-11-11T22:50:41.313000 #12354] DEBUG -- :   [1m[35mCargo Load (1.0ms)[0m  SELECT  "cargos".* FROM "cargos"   ORDER BY "cargos"."id" ASC LIMIT 1
D, [2014-11-11T22:57:54.395000 #12703] DEBUG -- :   [1m[36m (9.0ms)[0m  [1mSELECT name FROM sqlite_master WHERE type = 'table' AND name = "cargos"[0m
D, [2014-11-11T22:57:54.417000 #12703] DEBUG -- :   [1m[35mCargo Load (2.0ms)[0m  SELECT  "cargos".* FROM "cargos"   ORDER BY "cargos"."id" ASC LIMIT 1
D, [2014-11-11T22:58:35.885000 #12779] DEBUG -- :   [1m[36m (9.0ms)[0m  [1mSELECT name FROM sqlite_master WHERE type = 'table' AND name = "cargos"[0m
D, [2014-11-11T22:58:35.903000 #12779] DEBUG -- :   [1m[35mCargo Load (3.0ms)[0m  SELECT  "cargos".* FROM "cargos"   ORDER BY "cargos"."id" ASC LIMIT 1
D, [2014-11-11T22:58:35.934000 #12779] DEBUG -- :   [1m[36mCargo Load (0.0ms)[0m  [1mSELECT  "cargos".* FROM "cargos"   ORDER BY "cargos"."id" ASC LIMIT 1[0m
D, [2014-11-11T23:03:59.204000 #12911] DEBUG -- :   [1m[36m (8.0ms)[0m  [1mSELECT name FROM sqlite_master WHERE type = 'table' AND name = "cargos"[0m
D, [2014-11-11T23:03:59.218000 #12911] DEBUG -- :   [1m[35mCargo Load (2.0ms)[0m  SELECT  "cargos".* FROM "cargos"   ORDER BY "cargos"."id" DESC LIMIT 1
D, [2014-11-11T23:06:41.791000 #12971] DEBUG -- :   [1m[36m (9.0ms)[0m  [1mSELECT name FROM sqlite_master WHERE type = 'table' AND name = "cargos"[0m
D, [2014-11-11T23:06:41.806000 #12971] DEBUG -- :   [1m[35mCargo Load (2.0ms)[0m  SELECT  "cargos".* FROM "cargos"   ORDER BY "cargos"."id" DESC LIMIT 1
D, [2014-11-11T23:12:44.664000 #13152] DEBUG -- :   [1m[36m (9.0ms)[0m  [1mSELECT name FROM sqlite_master WHERE type = 'table' AND name = "cargos"[0m
D, [2014-11-11T23:12:44.679000 #13152] DEBUG -- :   [1m[35mCargo Load (2.0ms)[0m  SELECT  "cargos".* FROM "cargos"   ORDER BY "cargos"."id" DESC LIMIT 1
D, [2014-11-11T23:17:10.984000 #13290] DEBUG -- :   [1m[36m (9.0ms)[0m  [1mSELECT name FROM sqlite_master WHERE type = 'table' AND name = "cargos"[0m
D, [2014-11-11T23:17:11.001000 #13290] DEBUG -- :   [1m[35mCargo Load (2.0ms)[0m  SELECT  "cargos".* FROM "cargos"   ORDER BY "cargos"."id" DESC LIMIT 1
D, [2014-11-11T23:17:38.389000 #13341] DEBUG -- :   [1m[36m (11.0ms)[0m  [1mSELECT name FROM sqlite_master WHERE type = 'table' AND name = "cargos"[0m
D, [2014-11-11T23:17:38.419000 #13341] DEBUG -- :   [1m[35mCargo Load (2.0ms)[0m  SELECT  "cargos".* FROM "cargos"   ORDER BY "cargos"."id" DESC LIMIT 1
D, [2014-11-11T23:18:23.515000 #13403] DEBUG -- :   [1m[36m (7.0ms)[0m  [1mSELECT name FROM sqlite_master WHERE type = 'table' AND name = "cargos"[0m
D, [2014-11-11T23:18:23.532000 #13403] DEBUG -- :   [1m[35mCargo Load (2.0ms)[0m  SELECT  "cargos".* FROM "cargos"   ORDER BY "cargos"."id" DESC LIMIT 1
D, [2014-11-11T23:19:06.055000 #13465] DEBUG -- :   [1m[36m (8.0ms)[0m  [1mSELECT name FROM sqlite_master WHERE type = 'table' AND name = "cargos"[0m
D, [2014-11-11T23:19:06.067000 #13465] DEBUG -- :   [1m[35mCargo Load (2.0ms)[0m  SELECT  "cargos".* FROM "cargos"   ORDER BY "cargos"."id" DESC LIMIT 1
D, [2014-11-11T23:24:04.758000 #13541] DEBUG -- :   [1m[36m (7.0ms)[0m  [1mSELECT name FROM sqlite_master WHERE type = 'table' AND name = "cargos"[0m
D, [2014-11-11T23:24:04.773000 #13541] DEBUG -- :   [1m[35mCargo Load (2.0ms)[0m  SELECT  "cargos".* FROM "cargos"   ORDER BY "cargos"."id" DESC LIMIT 1
D, [2014-11-11T23:26:21.218000 #13610] DEBUG -- :   [1m[36m (9.0ms)[0m  [1mSELECT name FROM sqlite_master WHERE type = 'table' AND name = "cargos"[0m
D, [2014-11-11T23:26:21.233000 #13610] DEBUG -- :   [1m[35mCargo Load (2.0ms)[0m  SELECT  "cargos".* FROM "cargos"   ORDER BY "cargos"."id" DESC LIMIT 1
D, [2014-11-11T23:26:57.077000 #13663] DEBUG -- :   [1m[36m (9.0ms)[0m  [1mSELECT name FROM sqlite_master WHERE type = 'table' AND name = "cargos"[0m
D, [2014-11-11T23:26:57.095000 #13663] DEBUG -- :   [1m[35mCargo Load (2.0ms)[0m  SELECT  "cargos".* FROM "cargos"   ORDER BY "cargos"."id" DESC LIMIT 1
D, [2014-11-11T23:34:46.236000 #13777] DEBUG -- :   [1m[36m (9.0ms)[0m  [1mSELECT name FROM sqlite_master WHERE type = 'table' AND name = "cargos"[0m
D, [2014-11-11T23:34:46.251000 #13777] DEBUG -- :   [1m[35mCargo Load (1.0ms)[0m  SELECT  "cargos".* FROM "cargos"   ORDER BY "cargos"."id" DESC LIMIT 1
D, [2014-11-11T23:36:42.669000 #13837] DEBUG -- :   [1m[36m (9.0ms)[0m  [1mSELECT name FROM sqlite_master WHERE type = 'table' AND name = "cargos"[0m
D, [2014-11-11T23:36:42.683000 #13837] DEBUG -- :   [1m[35mCargo Load (1.0ms)[0m  SELECT  "cargos".* FROM "cargos"   ORDER BY "cargos"."id" DESC LIMIT 1
D, [2014-11-11T23:38:12.285000 #13868] DEBUG -- :   [1m[36m (7.0ms)[0m  [1mSELECT name FROM sqlite_master WHERE type = 'table' AND name = "cargos"[0m
D, [2014-11-11T23:38:12.296000 #13868] DEBUG -- :   [1m[35mCargo Load (1.0ms)[0m  SELECT  "cargos".* FROM "cargos"   ORDER BY "cargos"."id" DESC LIMIT 1
D, [2014-11-11T23:40:51.529000 #13927] DEBUG -- :   [1m[36m (10.0ms)[0m  [1mSELECT name FROM sqlite_master WHERE type = 'table' AND name = "cargos"[0m
D, [2014-11-11T23:40:51.547000 #13927] DEBUG -- :   [1m[35mCargo Load (2.0ms)[0m  SELECT  "cargos".* FROM "cargos"   ORDER BY "cargos"."id" DESC LIMIT 1
D, [2014-11-11T23:41:48.057000 #13978] DEBUG -- :   [1m[36m (8.0ms)[0m  [1mSELECT name FROM sqlite_master WHERE type = 'table' AND name = "cargos"[0m
D, [2014-11-11T23:41:48.071000 #13978] DEBUG -- :   [1m[35mCargo Load (2.0ms)[0m  SELECT  "cargos".* FROM "cargos"   ORDER BY "cargos"."id" DESC LIMIT 1
D, [2014-11-11T23:42:30.769000 #14030] DEBUG -- :   [1m[36m (9.0ms)[0m  [1mSELECT name FROM sqlite_master WHERE type = 'table' AND name = "cargos"[0m
D, [2014-11-11T23:42:30.783000 #14030] DEBUG -- :   [1m[35mCargo Load (1.0ms)[0m  SELECT  "cargos".* FROM "cargos"   ORDER BY "cargos"."id" DESC LIMIT 1
D, [2014-11-11T23:44:45.488000 #14087] DEBUG -- :   [1m[36m (7.0ms)[0m  [1mSELECT name FROM sqlite_master WHERE type = 'table' AND name = "cargos"[0m
D, [2014-11-11T23:44:45.504000 #14087] DEBUG -- :   [1m[35mCargo Load (2.0ms)[0m  SELECT  "cargos".* FROM "cargos"   ORDER BY "cargos"."id" DESC LIMIT 1
D, [2014-11-11T23:45:23.795000 #14187] DEBUG -- :   [1m[36m (7.0ms)[0m  [1mSELECT name FROM sqlite_master WHERE type = 'table' AND name = "cargos"[0m
D, [2014-11-11T23:45:23.809000 #14187] DEBUG -- :   [1m[35mCargo Load (1.0ms)[0m  SELECT  "cargos".* FROM "cargos"   ORDER BY "cargos"."id" DESC LIMIT 1
D, [2014-11-11T23:46:03.943000 #14240] DEBUG -- :   [1m[36m (9.0ms)[0m  [1mSELECT name FROM sqlite_master WHERE type = 'table' AND name = "cargos"[0m
D, [2014-11-11T23:46:03.960000 #14240] DEBUG -- :   [1m[35mCargo Load (2.0ms)[0m  SELECT  "cargos".* FROM "cargos"   ORDER BY "cargos"."id" DESC LIMIT 1
D, [2014-11-11T23:51:31.341000 #14445] DEBUG -- :   [1m[36m (10.0ms)[0m  [1mSELECT name FROM sqlite_master WHERE type = 'table' AND name = "cargos"[0m
D, [2014-11-11T23:51:31.357000 #14445] DEBUG -- :   [1m[35mCargo Load (2.0ms)[0m  SELECT  "cargos".* FROM "cargos"   ORDER BY "cargos"."id" DESC LIMIT 1
